<?xml version="1.0" encoding="UTF-8"?>
<!-- Generated by org.testng.reporters.JUnitXMLReporter -->
<testsuite hostname="Dell-PC" ignored="0" name="Default test" tests="1" failures="1" timestamp="02 Oct 2019 20:38:05 GMT" time="202.892" errors="0">
  <testcase name="ScrollDown" time="200.608" classname="PDF.ScrollDown">
    <failure type="org.openqa.selenium.WebDriverException" message="unknown error: DevToolsActivePort file doesn&amp;apos;t exist
Build info: version: &amp;apos;3.141.59&amp;apos;, revision: &amp;apos;e82be7d358&amp;apos;, time: &amp;apos;2018-11-14T08:25:53&amp;apos;
System info: host: &amp;apos;DELL-PC&amp;apos;, ip: &amp;apos;192.168.43.158&amp;apos;, os.name: &amp;apos;Windows 7&amp;apos;, os.arch: &amp;apos;amd64&amp;apos;, os.version: &amp;apos;6.1&amp;apos;, java.version: &amp;apos;1.8.0_211&amp;apos;
Driver info: driver.version: ChromeDriver
remote stacktrace: Backtrace:
	Ordinal0 [0x00297C53+1473619]
	Ordinal0 [0x0021AD71+961905]
	Ordinal0 [0x001A42B3+475827]
	Ordinal0 [0x0013EA04+59908]
	Ordinal0 [0x0013BBD7+48087]
	Ordinal0 [0x00159149+168265]
	Ordinal0 [0x00158D1D+167197]
	Ordinal0 [0x0015742B+160811]
	Ordinal0 [0x00140AE6+68326]
	Ordinal0 [0x00141BF0+72688]
	Ordinal0 [0x00141B89+72585]
	Ordinal0 [0x00234B37+1067831]
	GetHandleVerifier [0x00336845+506677]
	GetHandleVerifier [0x003365E0+506064]
	GetHandleVerifier [0x0033D188+533624]
	GetHandleVerifier [0x0033701A+508682]
	Ordinal0 [0x0022C226+1032742]
	Ordinal0 [0x0022C09F+1032351]
	Ordinal0 [0x00236A4B+1075787]
	Ordinal0 [0x00236BB3+1076147]
	Ordinal0 [0x00235B65+1071973]
	BaseThreadInitThunk [0x77443677+18]
	RtlInitializeExceptionChain [0x77C49D72+99]
	RtlInitializeExceptionChain [0x77C49D45+54]
">
      <![CDATA[org.openqa.selenium.WebDriverException: unknown error: DevToolsActivePort file doesn't exist
Build info: version: '3.141.59', revision: 'e82be7d358', time: '2018-11-14T08:25:53'
System info: host: 'DELL-PC', ip: '192.168.43.158', os.name: 'Windows 7', os.arch: 'amd64', os.version: '6.1', java.version: '1.8.0_211'
Driver info: driver.version: ChromeDriver
remote stacktrace: Backtrace:
Ordinal0 [0x00297C53+1473619]
Ordinal0 [0x0021AD71+961905]
Ordinal0 [0x001A42B3+475827]
Ordinal0 [0x0013EA04+59908]
Ordinal0 [0x0013BBD7+48087]
Ordinal0 [0x00159149+168265]
Ordinal0 [0x00158D1D+167197]
Ordinal0 [0x0015742B+160811]
Ordinal0 [0x00140AE6+68326]
Ordinal0 [0x00141BF0+72688]
Ordinal0 [0x00141B89+72585]
Ordinal0 [0x00234B37+1067831]
GetHandleVerifier [0x00336845+506677]
GetHandleVerifier [0x003365E0+506064]
GetHandleVerifier [0x0033D188+533624]
GetHandleVerifier [0x0033701A+508682]
Ordinal0 [0x0022C226+1032742]
Ordinal0 [0x0022C09F+1032351]
Ordinal0 [0x00236A4B+1075787]
Ordinal0 [0x00236BB3+1076147]
Ordinal0 [0x00235B65+1071973]
BaseThreadInitThunk [0x77443677+18]
RtlInitializeExceptionChain [0x77C49D72+99]
RtlInitializeExceptionChain [0x77C49D45+54]

at sun.reflect.NativeConstructorAccessorImpl.newInstance0(Native Method)
at sun.reflect.NativeConstructorAccessorImpl.newInstance(Unknown Source)
at sun.reflect.DelegatingConstructorAccessorImpl.newInstance(Unknown Source)
at java.lang.reflect.Constructor.newInstance(Unknown Source)
at org.openqa.selenium.remote.W3CHandshakeResponse.lambda$errorHandler$0(W3CHandshakeResponse.java:62)
at org.openqa.selenium.remote.HandshakeResponse.lambda$getResponseFunction$0(HandshakeResponse.java:30)
at org.openqa.selenium.remote.ProtocolHandshake.lambda$createSession$0(ProtocolHandshake.java:126)
at java.util.stream.ReferencePipeline$3$1.accept(Unknown Source)
at java.util.Spliterators$ArraySpliterator.tryAdvance(Unknown Source)
at java.util.stream.ReferencePipeline.forEachWithCancel(Unknown Source)
at java.util.stream.AbstractPipeline.copyIntoWithCancel(Unknown Source)
at java.util.stream.AbstractPipeline.copyInto(Unknown Source)
at java.util.stream.AbstractPipeline.wrapAndCopyInto(Unknown Source)
at java.util.stream.FindOps$FindOp.evaluateSequential(Unknown Source)
at java.util.stream.AbstractPipeline.evaluate(Unknown Source)
at java.util.stream.ReferencePipeline.findFirst(Unknown Source)
at org.openqa.selenium.remote.ProtocolHandshake.createSession(ProtocolHandshake.java:128)
at org.openqa.selenium.remote.ProtocolHandshake.createSession(ProtocolHandshake.java:74)
at org.openqa.selenium.remote.HttpCommandExecutor.execute(HttpCommandExecutor.java:136)
at org.openqa.selenium.remote.service.DriverCommandExecutor.execute(DriverCommandExecutor.java:83)
at org.openqa.selenium.remote.RemoteWebDriver.execute(RemoteWebDriver.java:552)
at org.openqa.selenium.remote.RemoteWebDriver.startSession(RemoteWebDriver.java:213)
at org.openqa.selenium.remote.RemoteWebDriver.<init>(RemoteWebDriver.java:131)
at org.openqa.selenium.chrome.ChromeDriver.<init>(ChromeDriver.java:181)
at org.openqa.selenium.chrome.ChromeDriver.<init>(ChromeDriver.java:168)
at org.openqa.selenium.chrome.ChromeDriver.<init>(ChromeDriver.java:123)
at PDF.ScrollDown.ScrollDown(ScrollDown.java:18)
at PDF.ScrollDown.ScrollDown(ScrollDown.java:25)
at sun.reflect.NativeMethodAccessorImpl.invoke0(Native Method)
at sun.reflect.NativeMethodAccessorImpl.invoke(Unknown Source)
at sun.reflect.DelegatingMethodAccessorImpl.invoke(Unknown Source)
at java.lang.reflect.Method.invoke(Unknown Source)
at org.testng.internal.MethodInvocationHelper.invokeMethod(MethodInvocationHelper.java:124)
at org.testng.internal.Invoker.invokeMethod(Invoker.java:583)
at org.testng.internal.Invoker.invokeTestMethod(Invoker.java:719)
at org.testng.internal.Invoker.invokeTestMethods(Invoker.java:989)
at org.testng.internal.TestMethodWorker.invokeTestMethods(TestMethodWorker.java:125)
at org.testng.internal.TestMethodWorker.run(TestMethodWorker.java:109)
at org.testng.TestRunner.privateRun(TestRunner.java:648)
at org.testng.TestRunner.run(TestRunner.java:505)
at org.testng.SuiteRunner.runTest(SuiteRunner.java:455)
at org.testng.SuiteRunner.runSequentially(SuiteRunner.java:450)
at org.testng.SuiteRunner.privateRun(SuiteRunner.java:415)
at org.testng.SuiteRunner.run(SuiteRunner.java:364)
at org.testng.SuiteRunnerWorker.runSuite(SuiteRunnerWorker.java:52)
at org.testng.SuiteRunnerWorker.run(SuiteRunnerWorker.java:84)
at org.testng.TestNG.runSuitesSequentially(TestNG.java:1208)
at org.testng.TestNG.runSuitesLocally(TestNG.java:1137)
at org.testng.TestNG.runSuites(TestNG.java:1049)
at org.testng.TestNG.run(TestNG.java:1017)
at org.testng.remote.AbstractRemoteTestNG.run(AbstractRemoteTestNG.java:114)
at org.testng.remote.RemoteTestNG.initAndRun(RemoteTestNG.java:251)
at org.testng.remote.RemoteTestNG.main(RemoteTestNG.java:77)
]]>
    </failure>
  </testcase> <!-- ScrollDown -->
</testsuite> <!-- Default test -->
