<?xml version="1.0" encoding="UTF-8"?>
<testng-results skipped="0" failed="2" ignored="0" total="7" passed="5">
  <reporter-output>
  </reporter-output>
  <suite name="Mercury Tour" duration-ms="110832" started-at="2019-11-30T14:32:37Z" finished-at="2019-11-30T14:34:28Z">
    <groups>
    </groups>
    <test name=" Mercury test" duration-ms="110832" started-at="2019-11-30T14:32:37Z" finished-at="2019-11-30T14:34:28Z">
      <class name="com.mercury.qa.testcases.HomePageTest">
        <test-method status="PASS" signature="SetUp()[pri:0, instance:com.mercury.qa.testcases.HomePageTest@63e2203c]" name="SetUp" is-config="true" duration-ms="14041" started-at="2019-11-30T14:32:37Z" finished-at="2019-11-30T14:32:51Z">
          <reporter-output>
          </reporter-output>
        </test-method> <!-- SetUp -->
        <test-method status="PASS" signature="NevigteToFlightListPageTest()[pri:0, instance:com.mercury.qa.testcases.HomePageTest@63e2203c]" name="NevigteToFlightListPageTest" duration-ms="2191" started-at="2019-11-30T14:32:51Z" finished-at="2019-11-30T14:32:53Z">
          <reporter-output>
          </reporter-output>
        </test-method> <!-- NevigteToFlightListPageTest -->
        <test-method status="PASS" signature="tearDown()[pri:0, instance:com.mercury.qa.testcases.HomePageTest@63e2203c]" name="tearDown" is-config="true" duration-ms="1154" started-at="2019-11-30T14:32:53Z" finished-at="2019-11-30T14:32:54Z">
          <reporter-output>
          </reporter-output>
        </test-method> <!-- tearDown -->
        <test-method status="PASS" signature="SetUp()[pri:0, instance:com.mercury.qa.testcases.HomePageTest@63e2203c]" name="SetUp" is-config="true" duration-ms="15632" started-at="2019-11-30T14:32:54Z" finished-at="2019-11-30T14:33:10Z">
          <reporter-output>
          </reporter-output>
        </test-method> <!-- SetUp -->
        <test-method status="FAIL" signature="SelectCityOfDepertureTest()[pri:0, instance:com.mercury.qa.testcases.HomePageTest@63e2203c]" name="SelectCityOfDepertureTest" duration-ms="20262" started-at="2019-11-30T14:33:10Z" finished-at="2019-11-30T14:33:30Z">
          <exception class="org.openqa.selenium.NoSuchElementException">
            <message>
              <![CDATA[Cannot locate element with text: New York;
For documentation on this error, please visit: https://www.seleniumhq.org/exceptions/no_such_element.html
Build info: version: '3.141.59', revision: 'e82be7d358', time: '2018-11-14T08:25:53'
System info: host: 'DELL-PC', ip: '192.168.0.3', os.name: 'Windows 7', os.arch: 'amd64', os.version: '6.1', java.version: '1.8.0_211'
Driver info: driver.version: unknown]]>
            </message>
            <full-stacktrace>
              <![CDATA[org.openqa.selenium.NoSuchElementException: Cannot locate element with text: New York;
For documentation on this error, please visit: https://www.seleniumhq.org/exceptions/no_such_element.html
Build info: version: '3.141.59', revision: 'e82be7d358', time: '2018-11-14T08:25:53'
System info: host: 'DELL-PC', ip: '192.168.0.3', os.name: 'Windows 7', os.arch: 'amd64', os.version: '6.1', java.version: '1.8.0_211'
Driver info: driver.version: unknown
at org.openqa.selenium.support.ui.Select.selectByVisibleText(Select.java:147)
at com.merqury.qa.pages.HomePage.selectDepartureFrom(HomePage.java:47)
at com.mercury.qa.testcases.HomePageTest.SelectCityOfDepertureTest(HomePageTest.java:51)
at sun.reflect.NativeMethodAccessorImpl.invoke0(Native Method)
at sun.reflect.NativeMethodAccessorImpl.invoke(Unknown Source)
at sun.reflect.DelegatingMethodAccessorImpl.invoke(Unknown Source)
at java.lang.reflect.Method.invoke(Unknown Source)
at org.testng.internal.MethodInvocationHelper.invokeMethod(MethodInvocationHelper.java:124)
at org.testng.internal.Invoker.invokeMethod(Invoker.java:583)
at org.testng.internal.Invoker.invokeTestMethod(Invoker.java:719)
at org.testng.internal.Invoker.invokeTestMethods(Invoker.java:989)
at org.testng.internal.TestMethodWorker.invokeTestMethods(TestMethodWorker.java:125)
at org.testng.internal.TestMethodWorker.run(TestMethodWorker.java:109)
at org.testng.TestRunner.privateRun(TestRunner.java:648)
at org.testng.TestRunner.run(TestRunner.java:505)
at org.testng.SuiteRunner.runTest(SuiteRunner.java:455)
at org.testng.SuiteRunner.runSequentially(SuiteRunner.java:450)
at org.testng.SuiteRunner.privateRun(SuiteRunner.java:415)
at org.testng.SuiteRunner.run(SuiteRunner.java:364)
at org.testng.SuiteRunnerWorker.runSuite(SuiteRunnerWorker.java:52)
at org.testng.SuiteRunnerWorker.run(SuiteRunnerWorker.java:84)
at org.testng.TestNG.runSuitesSequentially(TestNG.java:1208)
at org.testng.TestNG.runSuitesLocally(TestNG.java:1137)
at org.testng.TestNG.runSuites(TestNG.java:1049)
at org.testng.TestNG.run(TestNG.java:1017)
at org.testng.remote.AbstractRemoteTestNG.run(AbstractRemoteTestNG.java:114)
at org.testng.remote.RemoteTestNG.initAndRun(RemoteTestNG.java:251)
at org.testng.remote.RemoteTestNG.main(RemoteTestNG.java:77)
]]>
            </full-stacktrace>
          </exception> <!-- org.openqa.selenium.NoSuchElementException -->
          <reporter-output>
          </reporter-output>
        </test-method> <!-- SelectCityOfDepertureTest -->
        <test-method status="PASS" signature="tearDown()[pri:0, instance:com.mercury.qa.testcases.HomePageTest@63e2203c]" name="tearDown" is-config="true" duration-ms="1194" started-at="2019-11-30T14:33:30Z" finished-at="2019-11-30T14:33:32Z">
          <reporter-output>
          </reporter-output>
        </test-method> <!-- tearDown -->
        <test-method status="PASS" signature="SetUp()[pri:0, instance:com.mercury.qa.testcases.HomePageTest@63e2203c]" name="SetUp" is-config="true" duration-ms="11900" started-at="2019-11-30T14:33:32Z" finished-at="2019-11-30T14:33:43Z">
          <reporter-output>
          </reporter-output>
        </test-method> <!-- SetUp -->
        <test-method status="PASS" signature="SelectNoOfPassengerTest()[pri:0, instance:com.mercury.qa.testcases.HomePageTest@63e2203c]" name="SelectNoOfPassengerTest" duration-ms="707" started-at="2019-11-30T14:33:43Z" finished-at="2019-11-30T14:33:44Z">
          <reporter-output>
          </reporter-output>
        </test-method> <!-- SelectNoOfPassengerTest -->
        <test-method status="PASS" signature="tearDown()[pri:0, instance:com.mercury.qa.testcases.HomePageTest@63e2203c]" name="tearDown" is-config="true" duration-ms="1157" started-at="2019-11-30T14:33:44Z" finished-at="2019-11-30T14:33:45Z">
          <reporter-output>
          </reporter-output>
        </test-method> <!-- tearDown -->
        <test-method status="PASS" signature="SetUp()[pri:0, instance:com.mercury.qa.testcases.HomePageTest@63e2203c]" name="SetUp" is-config="true" duration-ms="11794" started-at="2019-11-30T14:33:45Z" finished-at="2019-11-30T14:33:57Z">
          <reporter-output>
          </reporter-output>
        </test-method> <!-- SetUp -->
        <test-method status="FAIL" signature="validateHomePageTitleTest()[pri:0, instance:com.mercury.qa.testcases.HomePageTest@63e2203c]" name="validateHomePageTitleTest" duration-ms="30" started-at="2019-11-30T14:33:57Z" finished-at="2019-11-30T14:33:57Z">
          <exception class="java.lang.AssertionError">
            <message>
              <![CDATA[expected [Find a Flight: Mercury Tours: ] but found [Find a Flight: Mercury Tours:]]]>
            </message>
            <full-stacktrace>
              <![CDATA[java.lang.AssertionError: expected [Find a Flight: Mercury Tours: ] but found [Find a Flight: Mercury Tours:]
at org.testng.Assert.fail(Assert.java:96)
at org.testng.Assert.failNotEquals(Assert.java:776)
at org.testng.Assert.assertEqualsImpl(Assert.java:137)
at org.testng.Assert.assertEquals(Assert.java:118)
at org.testng.Assert.assertEquals(Assert.java:453)
at org.testng.Assert.assertEquals(Assert.java:463)
at com.mercury.qa.testcases.HomePageTest.validateHomePageTitleTest(HomePageTest.java:37)
at sun.reflect.NativeMethodAccessorImpl.invoke0(Native Method)
at sun.reflect.NativeMethodAccessorImpl.invoke(Unknown Source)
at sun.reflect.DelegatingMethodAccessorImpl.invoke(Unknown Source)
at java.lang.reflect.Method.invoke(Unknown Source)
at org.testng.internal.MethodInvocationHelper.invokeMethod(MethodInvocationHelper.java:124)
at org.testng.internal.Invoker.invokeMethod(Invoker.java:583)
at org.testng.internal.Invoker.invokeTestMethod(Invoker.java:719)
at org.testng.internal.Invoker.invokeTestMethods(Invoker.java:989)
at org.testng.internal.TestMethodWorker.invokeTestMethods(TestMethodWorker.java:125)
at org.testng.internal.TestMethodWorker.run(TestMethodWorker.java:109)
at org.testng.TestRunner.privateRun(TestRunner.java:648)
at org.testng.TestRunner.run(TestRunner.java:505)
at org.testng.SuiteRunner.runTest(SuiteRunner.java:455)
at org.testng.SuiteRunner.runSequentially(SuiteRunner.java:450)
at org.testng.SuiteRunner.privateRun(SuiteRunner.java:415)
at org.testng.SuiteRunner.run(SuiteRunner.java:364)
at org.testng.SuiteRunnerWorker.runSuite(SuiteRunnerWorker.java:52)
at org.testng.SuiteRunnerWorker.run(SuiteRunnerWorker.java:84)
at org.testng.TestNG.runSuitesSequentially(TestNG.java:1208)
at org.testng.TestNG.runSuitesLocally(TestNG.java:1137)
at org.testng.TestNG.runSuites(TestNG.java:1049)
at org.testng.TestNG.run(TestNG.java:1017)
at org.testng.remote.AbstractRemoteTestNG.run(AbstractRemoteTestNG.java:114)
at org.testng.remote.RemoteTestNG.initAndRun(RemoteTestNG.java:251)
at org.testng.remote.RemoteTestNG.main(RemoteTestNG.java:77)
]]>
            </full-stacktrace>
          </exception> <!-- java.lang.AssertionError -->
          <reporter-output>
          </reporter-output>
        </test-method> <!-- validateHomePageTitleTest -->
        <test-method status="PASS" signature="tearDown()[pri:0, instance:com.mercury.qa.testcases.HomePageTest@63e2203c]" name="tearDown" is-config="true" duration-ms="1623" started-at="2019-11-30T14:33:57Z" finished-at="2019-11-30T14:33:59Z">
          <reporter-output>
          </reporter-output>
        </test-method> <!-- tearDown -->
      </class> <!-- com.mercury.qa.testcases.HomePageTest -->
      <class name="com.mercury.qa.testcases.LoginPageTest">
        <test-method status="PASS" signature="SetUp()[pri:0, instance:com.mercury.qa.testcases.LoginPageTest@1efed156]" name="SetUp" is-config="true" duration-ms="7691" started-at="2019-11-30T14:33:59Z" finished-at="2019-11-30T14:34:06Z">
          <reporter-output>
          </reporter-output>
        </test-method> <!-- SetUp -->
        <test-method status="PASS" signature="LoginPageTitleTest()[pri:1, instance:com.mercury.qa.testcases.LoginPageTest@1efed156]" name="LoginPageTitleTest" duration-ms="532" started-at="2019-11-30T14:34:06Z" finished-at="2019-11-30T14:34:07Z">
          <reporter-output>
          </reporter-output>
        </test-method> <!-- LoginPageTitleTest -->
        <test-method status="PASS" signature="tearDown()[pri:0, instance:com.mercury.qa.testcases.LoginPageTest@1efed156]" name="tearDown" is-config="true" duration-ms="697" started-at="2019-11-30T14:34:07Z" finished-at="2019-11-30T14:34:08Z">
          <reporter-output>
          </reporter-output>
        </test-method> <!-- tearDown -->
        <test-method status="PASS" signature="SetUp()[pri:0, instance:com.mercury.qa.testcases.LoginPageTest@1efed156]" name="SetUp" is-config="true" duration-ms="6196" started-at="2019-11-30T14:34:08Z" finished-at="2019-11-30T14:34:14Z">
          <reporter-output>
          </reporter-output>
        </test-method> <!-- SetUp -->
        <test-method status="PASS" signature="MerquryLogoTest()[pri:2, instance:com.mercury.qa.testcases.LoginPageTest@1efed156]" name="MerquryLogoTest" duration-ms="626" started-at="2019-11-30T14:34:14Z" finished-at="2019-11-30T14:34:15Z">
          <reporter-output>
          </reporter-output>
        </test-method> <!-- MerquryLogoTest -->
        <test-method status="PASS" signature="tearDown()[pri:0, instance:com.mercury.qa.testcases.LoginPageTest@1efed156]" name="tearDown" is-config="true" duration-ms="669" started-at="2019-11-30T14:34:15Z" finished-at="2019-11-30T14:34:15Z">
          <reporter-output>
          </reporter-output>
        </test-method> <!-- tearDown -->
        <test-method status="PASS" signature="SetUp()[pri:0, instance:com.mercury.qa.testcases.LoginPageTest@1efed156]" name="SetUp" is-config="true" duration-ms="6113" started-at="2019-11-30T14:34:15Z" finished-at="2019-11-30T14:34:21Z">
          <reporter-output>
          </reporter-output>
        </test-method> <!-- SetUp -->
        <test-method status="PASS" signature="loginTest()[pri:3, instance:com.mercury.qa.testcases.LoginPageTest@1efed156]" name="loginTest" duration-ms="5918" started-at="2019-11-30T14:34:21Z" finished-at="2019-11-30T14:34:27Z">
          <reporter-output>
          </reporter-output>
        </test-method> <!-- loginTest -->
        <test-method status="PASS" signature="tearDown()[pri:0, instance:com.mercury.qa.testcases.LoginPageTest@1efed156]" name="tearDown" is-config="true" duration-ms="646" started-at="2019-11-30T14:34:27Z" finished-at="2019-11-30T14:34:28Z">
          <reporter-output>
          </reporter-output>
        </test-method> <!-- tearDown -->
      </class> <!-- com.mercury.qa.testcases.LoginPageTest -->
    </test> <!--  Mercury test -->
  </suite> <!-- Mercury Tour -->
</testng-results>
