<?xml version="1.0" encoding="UTF-8"?>
<!-- Generated by org.testng.reporters.JUnitReportReporter -->
<testsuite skipped="0" hostname="Dell-PC" name="BasicSelenium.SeleniumClass1" tests="1" failures="0" timestamp="07 Nov 2019 16:18:15 GMT" time="14.562" errors="1">
  <testcase name="test1" time="14.562" classname="BasicSelenium.SeleniumClass1">
    <error type="org.openqa.selenium.SessionNotCreatedException" message="session not created: This version of ChromeDriver only supports Chrome version 76
Build info: version: &#039;3.141.59&#039;, revision: &#039;e82be7d358&#039;, time: &#039;2018-11-14T08:25:53&#039;
System info: host: &#039;DELL-PC&#039;, ip: &#039;192.168.0.3&#039;, os.name: &#039;Windows 7&#039;, os.arch: &#039;amd64&#039;, os.version: &#039;6.1&#039;, java.version: &#039;1.8.0_211&#039;
Driver info: driver.version: ChromeDriver
remote stacktrace: Backtrace:
	Ordinal0 [0x00EF7C53+1473619]
	Ordinal0 [0x00E7AD71+961905]
	Ordinal0 [0x00E042B3+475827]
	Ordinal0 [0x00D9F365+62309]
	Ordinal0 [0x00D9BC77+48247]
	Ordinal0 [0x00DB9149+168265]
	Ordinal0 [0x00DB8D1D+167197]
	Ordinal0 [0x00DB742B+160811]
	Ordinal0 [0x00DA0AE6+68326]
	Ordinal0 [0x00DA1BF0+72688]
	Ordinal0 [0x00DA1B89+72585]
	Ordinal0 [0x00E94B37+1067831]
	GetHandleVerifier [0x00F96845+506677]
	GetHandleVerifier [0x00F965E0+506064]
	GetHandleVerifier [0x00F9D188+533624]
	GetHandleVerifier [0x00F9701A+508682]
	Ordinal0 [0x00E8C226+1032742]
	Ordinal0 [0x00E8C09F+1032351]
	Ordinal0 [0x00E96A4B+1075787]
	Ordinal0 [0x00E96BB3+1076147]
	Ordinal0 [0x00E95B65+1071973]
	BaseThreadInitThunk [0x75953677+18]
	RtlInitializeExceptionChain [0x77569D72+99]
	RtlInitializeExceptionChain [0x77569D45+54]
">
      <![CDATA[org.openqa.selenium.SessionNotCreatedException: session not created: This version of ChromeDriver only supports Chrome version 76
Build info: version: '3.141.59', revision: 'e82be7d358', time: '2018-11-14T08:25:53'
System info: host: 'DELL-PC', ip: '192.168.0.3', os.name: 'Windows 7', os.arch: 'amd64', os.version: '6.1', java.version: '1.8.0_211'
Driver info: driver.version: ChromeDriver
remote stacktrace: Backtrace:
Ordinal0 [0x00EF7C53+1473619]
Ordinal0 [0x00E7AD71+961905]
Ordinal0 [0x00E042B3+475827]
Ordinal0 [0x00D9F365+62309]
Ordinal0 [0x00D9BC77+48247]
Ordinal0 [0x00DB9149+168265]
Ordinal0 [0x00DB8D1D+167197]
Ordinal0 [0x00DB742B+160811]
Ordinal0 [0x00DA0AE6+68326]
Ordinal0 [0x00DA1BF0+72688]
Ordinal0 [0x00DA1B89+72585]
Ordinal0 [0x00E94B37+1067831]
GetHandleVerifier [0x00F96845+506677]
GetHandleVerifier [0x00F965E0+506064]
GetHandleVerifier [0x00F9D188+533624]
GetHandleVerifier [0x00F9701A+508682]
Ordinal0 [0x00E8C226+1032742]
Ordinal0 [0x00E8C09F+1032351]
Ordinal0 [0x00E96A4B+1075787]
Ordinal0 [0x00E96BB3+1076147]
Ordinal0 [0x00E95B65+1071973]
BaseThreadInitThunk [0x75953677+18]
RtlInitializeExceptionChain [0x77569D72+99]
RtlInitializeExceptionChain [0x77569D45+54]

at sun.reflect.NativeConstructorAccessorImpl.newInstance0(Native Method)
at sun.reflect.NativeConstructorAccessorImpl.newInstance(Unknown Source)
at sun.reflect.DelegatingConstructorAccessorImpl.newInstance(Unknown Source)
at java.lang.reflect.Constructor.newInstance(Unknown Source)
at org.openqa.selenium.remote.W3CHandshakeResponse.lambda$errorHandler$0(W3CHandshakeResponse.java:62)
at org.openqa.selenium.remote.HandshakeResponse.lambda$getResponseFunction$0(HandshakeResponse.java:30)
at org.openqa.selenium.remote.ProtocolHandshake.lambda$createSession$0(ProtocolHandshake.java:126)
at java.util.stream.ReferencePipeline$3$1.accept(Unknown Source)
at java.util.Spliterators$ArraySpliterator.tryAdvance(Unknown Source)
at java.util.stream.ReferencePipeline.forEachWithCancel(Unknown Source)
at java.util.stream.AbstractPipeline.copyIntoWithCancel(Unknown Source)
at java.util.stream.AbstractPipeline.copyInto(Unknown Source)
at java.util.stream.AbstractPipeline.wrapAndCopyInto(Unknown Source)
at java.util.stream.FindOps$FindOp.evaluateSequential(Unknown Source)
at java.util.stream.AbstractPipeline.evaluate(Unknown Source)
at java.util.stream.ReferencePipeline.findFirst(Unknown Source)
at org.openqa.selenium.remote.ProtocolHandshake.createSession(ProtocolHandshake.java:128)
at org.openqa.selenium.remote.ProtocolHandshake.createSession(ProtocolHandshake.java:74)
at org.openqa.selenium.remote.HttpCommandExecutor.execute(HttpCommandExecutor.java:136)
at org.openqa.selenium.remote.service.DriverCommandExecutor.execute(DriverCommandExecutor.java:83)
at org.openqa.selenium.remote.RemoteWebDriver.execute(RemoteWebDriver.java:552)
at org.openqa.selenium.remote.RemoteWebDriver.startSession(RemoteWebDriver.java:213)
at org.openqa.selenium.remote.RemoteWebDriver.<init>(RemoteWebDriver.java:131)
at org.openqa.selenium.chrome.ChromeDriver.<init>(ChromeDriver.java:181)
at org.openqa.selenium.chrome.ChromeDriver.<init>(ChromeDriver.java:168)
at org.openqa.selenium.chrome.ChromeDriver.<init>(ChromeDriver.java:123)
at BasicSelenium.SeleniumClass1.test1(SeleniumClass1.java:20)
at sun.reflect.NativeMethodAccessorImpl.invoke0(Native Method)
at sun.reflect.NativeMethodAccessorImpl.invoke(Unknown Source)
at sun.reflect.DelegatingMethodAccessorImpl.invoke(Unknown Source)
at java.lang.reflect.Method.invoke(Unknown Source)
at org.testng.internal.MethodInvocationHelper.invokeMethod(MethodInvocationHelper.java:124)
at org.testng.internal.Invoker.invokeMethod(Invoker.java:583)
at org.testng.internal.Invoker.invokeTestMethod(Invoker.java:719)
at org.testng.internal.Invoker.invokeTestMethods(Invoker.java:989)
at org.testng.internal.TestMethodWorker.invokeTestMethods(TestMethodWorker.java:125)
at org.testng.internal.TestMethodWorker.run(TestMethodWorker.java:109)
at org.testng.TestRunner.privateRun(TestRunner.java:648)
at org.testng.TestRunner.run(TestRunner.java:505)
at org.testng.SuiteRunner.runTest(SuiteRunner.java:455)
at org.testng.SuiteRunner.runSequentially(SuiteRunner.java:450)
at org.testng.SuiteRunner.privateRun(SuiteRunner.java:415)
at org.testng.SuiteRunner.run(SuiteRunner.java:364)
at org.testng.SuiteRunnerWorker.runSuite(SuiteRunnerWorker.java:52)
at org.testng.SuiteRunnerWorker.run(SuiteRunnerWorker.java:84)
at org.testng.TestNG.runSuitesSequentially(TestNG.java:1208)
at org.testng.TestNG.runSuitesLocally(TestNG.java:1137)
at org.testng.TestNG.runSuites(TestNG.java:1049)
at org.testng.TestNG.run(TestNG.java:1017)
at org.testng.remote.AbstractRemoteTestNG.run(AbstractRemoteTestNG.java:114)
at org.testng.remote.RemoteTestNG.initAndRun(RemoteTestNG.java:251)
at org.testng.remote.RemoteTestNG.main(RemoteTestNG.java:77)
]]>
    </error>
  </testcase> <!-- test1 -->
</testsuite> <!-- BasicSelenium.SeleniumClass1 -->
